<?xml version="1.0" encoding="UTF-8"?>
<testsuite xmlns:xsi="http://www.w3.org/2001/XMLSchema-instance" xsi:noNamespaceSchemaLocation="https://maven.apache.org/surefire/maven-surefire-plugin/xsd/surefire-test-report-3.0.xsd" version="3.0" name="com.saasproject.PasswordGeneratorTest" time="0.199" tests="1" errors="0" skipped="0" failures="0">
  <properties>
[...]
</properties>
  <testcase name="generatePassword" classname="com.saasproject.PasswordGeneratorTest" time="0.177">
    <system-out><![CDATA[GENERATED_HASH: $2a$10$dnhpoZWewToSmOakyb4H8O/sO8vlgTb5EFjn/tp5u.01xoIWMotU.
]]></system-out>
  </testcase>
</testsuite>